1764651810.5786147: {"Message":{"PositionReport":{"Cog":0,"CommunicationState":71283,"Latitude":43.353235000000005,"Longitude":-8.382626666666667,"MessageID":3,"NavigationalStatus":0,"PositionAccuracy":true,"Raim":true,"
1764651810.8781025: {"Message":{"StandardClassBPositionReport":{"AssignedMode":false,"ClassBBand":true,"ClassBDisplay":false,"ClassBDsc":true,"ClassBMsg22":true,"ClassBUnit":false,"Cog":360,"CommunicationState":84154,"Co
1764651810.9953573: {"Message":{"StandardClassBPositionReport":{"AssignedMode":false,"ClassBBand":true,"ClassBDisplay":false,"ClassBDsc":true,"ClassBMsg22":true,"ClassBUnit":false,"Cog":360,"CommunicationState":67239,"Co
1764651810.9984276: {"Message":{"PositionReport":{"Cog":351.1,"CommunicationState":2268,"Latitude":36.128550000000004,"Longitude":-5.440266666666667,"MessageID":1,"NavigationalStatus":0,"PositionAccuracy":false,"Raim":fa
1764651811.0020716: {"Message":{"PositionReport":{"Cog":99.6,"CommunicationState":67271,"Latitude":39.44136666666667,"Longitude":-0.3176833333333333,"MessageID":1,"NavigationalStatus":0,"PositionAccuracy":true,"Raim":tru
1764651811.2427819: {"Message":{"PositionReport":{"Cog":297,"CommunicationState":18956,"Latitude":41.10722333333333,"Longitude":2.6221083333333337,"MessageID":1,"NavigationalStatus":0,"PositionAccuracy":true,"Raim":false
1764651811.3273578: {"Message":{"PositionReport":{"Cog":327.7,"CommunicationState":2249,"Latitude":39.970825,"Longitude":0.02041666666666667,"MessageID":1,"NavigationalStatus":0,"PositionAccuracy":true,"Raim":false,"Rate
1764651811.3839076: {"Message":{"PositionReport":{"Cog":13.5,"CommunicationState":34512,"Latitude":37.06087,"Longitude":-6.82023,"MessageID":1,"NavigationalStatus":0,"PositionAccuracy":true,"Raim":false,"RateOfTurn":0,"R
1764651811.9686425: {"Message":{"StandardClassBPositionReport":{"AssignedMode":false,"ClassBBand":true,"ClassBDisplay":false,"ClassBDsc":true,"ClassBMsg22":true,"ClassBUnit":true,"Cog":360,"CommunicationState":393222,"Co
1764651812.1434639: {"Message":{"PositionReport":{"Cog":271.7,"CommunicationState":83834,"Latitude":39.97291499999999,"Longitude":0.07647833333333334,"MessageID":3,"NavigationalStatus":1,"PositionAccuracy":false,"Raim":f
1764651812.4870281: {"Message":{"PositionReport":{"Cog":327,"CommunicationState":27971,"Latitude":39.46,"Longitude":-0.30483333333333335,"MessageID":3,"NavigationalStatus":0,"PositionAccuracy":true,"Raim":false,"RateOfTu
1764651812.4954953: {"Message":{"PositionReport":{"Cog":334,"CommunicationState":133290,"Latitude":41.21123166666666,"Longitude":1.7365549999999998,"MessageID":1,"NavigationalStatus":0,"PositionAccuracy":false,"Raim":fal
1764651812.964508: {"Message":{"PositionReport":{"Cog":63,"CommunicationState":18956,"Latitude":39.87824333333333,"Longitude":0.013956666666666668,"MessageID":1,"NavigationalStatus":7,"PositionAccuracy":true,"Raim":true
1764651812.9735138: {"Message":{"PositionReport":{"Cog":351.5,"CommunicationState":84106,"Latitude":36.128593333333335,"Longitude":-5.358883333333334,"MessageID":3,"NavigationalStatus":5,"PositionAccuracy":false,"Raim":f
1764651812.9754777: {"Message":{"PositionReport":{"Cog":175.1,"CommunicationState":84938,"Latitude":41.182521666666666,"Longitude":-8.709888333333334,"MessageID":3,"NavigationalStatus":5,"PositionAccuracy":true,"Raim":tr
1764651813.0095456: {"Message":{"PositionReport":{"Cog":96.6,"CommunicationState":18956,"Latitude":43.66957166666667,"Longitude":-5.505318333333333,"MessageID":1,"NavigationalStatus":0,"PositionAccuracy":false,"Raim":fal
1764651813.3146765: {"Message":{"PositionReport":{"Cog":161,"CommunicationState":84794,"Latitude":39.46143666666667,"Longitude":-0.3126833333333333,"MessageID":3,"NavigationalStatus":5,"PositionAccuracy":false,"Raim":fal
1764651813.5497622: {"Message":{"PositionReport":{"Cog":97.8,"CommunicationState":2286,"Latitude":39.56066833333333,"Longitude":2.6331266666666666,"MessageID":1,"NavigationalStatus":0,"PositionAccuracy":false,"Raim":fals
1764651813.6660805: {"Message":{"PositionReport":{"Cog":148.3,"CommunicationState":49197,"Latitude":41.006701666666665,"Longitude":-8.986165,"MessageID":1,"NavigationalStatus":0,"PositionAccuracy":false,"Raim":false,"Rat
1764651813.6677747: {"Message":{"StandardClassBPositionReport":{"AssignedMode":false,"ClassBBand":true,"ClassBDisplay":false,"ClassBDsc":true,"ClassBMsg22":true,"ClassBUnit":true,"Cog":360,"CommunicationState":393222,"Co
1764651813.910216: {"Message":{"StandardClassBPositionReport":{"AssignedMode":false,"ClassBBand":false,"ClassBDisplay":false,"ClassBDsc":false,"ClassBMsg22":false,"ClassBUnit":false,"Cog":19,"CommunicationState":0,"Comm
1764651813.924837: {"Message":{"PositionReport":{"Cog":224.1,"CommunicationState":20819,"Latitude":39.574711666666666,"Longitude":-0.09543499999999999,"MessageID":3,"NavigationalStatus":0,"PositionAccuracy":true,"Raim":
1764651813.9929595: {"Message":{"PositionReport":{"Cog":140,"CommunicationState":2265,"Latitude":37.064835,"Longitude":-8.741613333333333,"MessageID":1,"NavigationalStatus":15,"PositionAccuracy":true,"Raim":true,"RateOfT
1764651814.451728: {"Message":{"PositionReport":{"Cog":360,"CommunicationState":49208,"Latitude":41.215475,"Longitude":1.7359316666666667,"MessageID":1,"NavigationalStatus":7,"PositionAccuracy":true,"Raim":true,"RateOfT
1764651814.5180464: {"Message":{"StandardClassBPositionReport":{"AssignedMode":false,"ClassBBand":true,"ClassBDisplay":false,"ClassBDsc":true,"ClassBMsg22":true,"ClassBUnit":false,"Cog":360,"CommunicationState":84746,"Co
1764651814.5362802: {"Message":{"PositionReport":{"Cog":207.4,"CommunicationState":3888,"Latitude":41.26488333333334,"Longitude":2.14514,"MessageID":3,"NavigationalStatus":7,"PositionAccuracy":true,"Raim":false,"RateOfTu
1764651814.7775497: {"Message":{"StandardClassBPositionReport":{"AssignedMode":false,"ClassBBand":true,"ClassBDisplay":false,"ClassBDsc":true,"ClassBMsg22":true,"ClassBUnit":false,"Cog":360,"CommunicationState":85754,"Co
1764651814.8806105: {"Message":{"PositionReport":{"Cog":258.1,"CommunicationState":34648,"Latitude":39.45146333333333,"Longitude":-0.29672166666666666,"MessageID":1,"NavigationalStatus":0,"PositionAccuracy":true,"Raim":f
1764651815.0700889: {"Message":{"PositionReport":{"Cog":136.5,"CommunicationState":49204,"Latitude":41.18815,"Longitude":1.7548733333333333,"MessageID":1,"NavigationalStatus":15,"PositionAccuracy":true,"Raim":true,"RateO
1764651815.166962: {"Message":{"PositionReport":{"Cog":254.6,"CommunicationState":67425,"Latitude":36.122094999999995,"Longitude":-5.0372416666666675,"MessageID":1,"NavigationalStatus":0,"PositionAccuracy":false,"Raim":
1764651815.2068243: {"Message":{"PositionReport":{"Cog":360,"CommunicationState":100197,"Latitude":41.34273833333334,"Longitude":2.16113,"MessageID":1,"NavigationalStatus":0,"PositionAccuracy":true,"Raim":true,"RateOfTur
1764651815.2911603: {"Message":{"PositionReport":{"Cog":71.5,"CommunicationState":67432,"Latitude":41.23494,"Longitude":-8.91676,"MessageID":1,"NavigationalStatus":15,"PositionAccuracy":true,"Raim":true,"RateOfTurn":-128
1764651815.369331: {"Message":{"PositionReport":{"Cog":71.2,"CommunicationState":78067,"Latitude":43.48403666666666,"Longitude":-1.79783,"MessageID":3,"NavigationalStatus":7,"PositionAccuracy":true,"Raim":false,"RateOfT
1764651815.5484324: {"Message":{"PositionReport":{"Cog":262.2,"CommunicationState":2232,"Latitude":36.06828666666667,"Longitude":-5.025313333333333,"MessageID":1,"NavigationalStatus":0,"PositionAccuracy":true,"Raim":fals
1764651815.5513997: {"Message":{"StandardClassBPositionReport":{"AssignedMode":false,"ClassBBand":true,"ClassBDisplay":false,"ClassBDsc":true,"ClassBMsg22":true,"ClassBUnit":true,"Cog":360,"CommunicationState":393222,"Co
1764651815.5533211: {"Message":{"StandardClassBPositionReport":{"AssignedMode":false,"ClassBBand":true,"ClassBDisplay":false,"ClassBDsc":true,"ClassBMsg22":true,"ClassBUnit":true,"Cog":360,"CommunicationState":393222,"Co
1764651815.575217: {"Message":{"PositionReport":{"Cog":203.3,"CommunicationState":22995,"Latitude":41.179001666666665,"Longitude":1.7138300000000002,"MessageID":3,"NavigationalStatus":15,"PositionAccuracy":true,"Raim":t
1764651815.6526098: {"Message":{"PositionReport":{"Cog":61.5,"CommunicationState":81924,"Latitude":41.13968166666667,"Longitude":1.5281816666666665,"MessageID":1,"NavigationalStatus":13,"PositionAccuracy":true,"Raim":tru
1764651815.7014167: {"Message":{"PositionReport":{"Cog":187.4,"CommunicationState":20499,"Latitude":36.16194666666667,"Longitude":-4.962343333333333,"MessageID":3,"NavigationalStatus":0,"PositionAccuracy":false,"Raim":fa
1764651815.7284362: {"Message":{"PositionReport":{"Cog":307,"CommunicationState":85866,"Latitude":39.396323333333335,"Longitude":-0.2671716666666667,"MessageID":3,"NavigationalStatus":1,"PositionAccuracy":false,"Raim":fa
1764651815.8272464: {"Message":{"PositionReport":{"Cog":11,"CommunicationState":84938,"Latitude":43.50735666666667,"Longitude":-1.4956500000000001,"MessageID":3,"NavigationalStatus":5,"PositionAccuracy":true,"Raim":false
1764651816.0254009: {"Message":{"PositionReport":{"Cog":324.2,"CommunicationState":100188,"Latitude":36.656915000000005,"Longitude":-8.940230000000001,"MessageID":1,"NavigationalStatus":0,"PositionAccuracy":false,"Raim":
1764651816.0255723: {"Message":{"PositionReport":{"Cog":278,"CommunicationState":34657,"Latitude":36.9326,"Longitude":-8.126491666666666,"MessageID":1,"NavigationalStatus":0,"PositionAccuracy":true,"Raim":true,"RateOfTur
1764651816.0632288: {"Message":{"StandardClassBPositionReport":{"AssignedMode":false,"ClassBBand":true,"ClassBDisplay":false,"ClassBDsc":true,"ClassBMsg22":true,"ClassBUnit":false,"Cog":360,"CommunicationState":83738,"Co
1764651816.0649495: {"Message":{"StandardClassBPositionReport":{"AssignedMode":false,"ClassBBand":true,"ClassBDisplay":false,"ClassBDsc":true,"ClassBMsg22":true,"ClassBUnit":false,"Cog":360,"CommunicationState":85338,"Co
1764651816.26274: {"Message":{"StandardClassBPositionReport":{"AssignedMode":false,"ClassBBand":false,"ClassBDisplay":false,"ClassBDsc":false,"ClassBMsg22":false,"ClassBUnit":false,"Cog":192,"CommunicationState":0,"Com
1764651816.2711: {"Message":{"PositionReport":{"Cog":226.6,"CommunicationState":82238,"Latitude":36.12266666666667,"Longitude":-5.37434,"MessageID":1,"NavigationalStatus":0,"PositionAccuracy":false,"Raim":false,"RateO
1764651816.7181134: {"Message":{"StandardClassBPositionReport":{"AssignedMode":false,"ClassBBand":true,"ClassBDisplay":false,"ClassBDsc":true,"ClassBMsg22":true,"ClassBUnit":false,"Cog":360,"CommunicationState":84810,"Co
1764651816.7797818: {"Message":{"PositionReport":{"Cog":269.5,"CommunicationState":2239,"Latitude":41.34612,"Longitude":2.1520466666666667,"MessageID":1,"NavigationalStatus":11,"PositionAccuracy":true,"Raim":false,"RateO
1764651817.027045: {"Message":{"PositionReport":{"Cog":82.7,"CommunicationState":131072,"Latitude":43.800576666666664,"Longitude":-7.625613333333334,"MessageID":1,"NavigationalStatus":0,"PositionAccuracy":false,"Raim":f
1764651817.2138622: {"Message":{"PositionReport":{"Cog":104,"CommunicationState":0,"Latitude":36.09253666666667,"Longitude":-5.421226666666667,"MessageID":3,"NavigationalStatus":1,"PositionAccuracy":true,"Raim":false,"Ra
1764651817.3927143: {"Message":{"PositionReport":{"Cog":40.3,"CommunicationState":87114,"Latitude":39.55984,"Longitude":2.6288183333333333,"MessageID":3,"NavigationalStatus":5,"PositionAccuracy":false,"Raim":false,"RateO
1764651817.412997: {"Message":{"PositionReport":{"Cog":136.4,"CommunicationState":18956,"Latitude":41.18341,"Longitude":1.74841,"MessageID":1,"NavigationalStatus":7,"PositionAccuracy":true,"Raim":true,"RateOfTurn":-128,
1764651817.445344: {"Message":{"StandardClassBPositionReport":{"AssignedMode":false,"ClassBBand":true,"ClassBDisplay":false,"ClassBDsc":true,"ClassBMsg22":true,"ClassBUnit":false,"Cog":360,"CommunicationState":85658,"Co
1764651817.4758554: {"Message":{"PositionReport":{"Cog":36.6,"CommunicationState":402883,"Latitude":39.452861666666664,"Longitude":-0.30817,"MessageID":3,"NavigationalStatus":3,"PositionAccuracy":true,"Raim":false,"RateO
1764651817.556454: {"Message":{"PositionReport":{"Cog":3.6,"CommunicationState":67513,"Latitude":36.15986,"Longitude":-5.043268333333333,"MessageID":1,"NavigationalStatus":0,"PositionAccuracy":false,"Raim":false,"RateOf
1764651817.6158388: {"Message":{"StandardClassBPositionReport":{"AssignedMode":false,"ClassBBand":true,"ClassBDisplay":false,"ClassBDsc":true,"ClassBMsg22":true,"ClassBUnit":true,"Cog":236.9,"CommunicationState":393222,"
1764651817.6862156: {"Message":{"PositionReport":{"Cog":97.3,"CommunicationState":6611,"Latitude":41.203606666666666,"Longitude":1.7652983333333334,"MessageID":3,"NavigationalStatus":3,"PositionAccuracy":true,"Raim":true
1764651817.7353764: {"Message":{"PositionReport":{"Cog":253.1,"CommunicationState":49475,"Latitude":36.12838833333333,"Longitude":-5.253353333333333,"MessageID":1,"NavigationalStatus":0,"PositionAccuracy":true,"Raim":fal
1764651817.7524726: {"Message":{"StandardClassBPositionReport":{"AssignedMode":false,"ClassBBand":true,"ClassBDisplay":false,"ClassBDsc":true,"ClassBMsg22":true,"ClassBUnit":true,"Cog":360,"CommunicationState":393222,"Co
1764651817.9138117: {"Message":{"StandardClassBPositionReport":{"AssignedMode":false,"ClassBBand":true,"ClassBDisplay":false,"ClassBDsc":true,"ClassBMsg22":true,"ClassBUnit":true,"Cog":179.5,"CommunicationState":393222,"
1764651817.9567556: {"Message":{"StandardClassBPositionReport":{"AssignedMode":false,"ClassBBand":true,"ClassBDisplay":false,"ClassBDsc":true,"ClassBMsg22":true,"ClassBUnit":true,"Cog":360,"CommunicationState":393222,"Co
1764651818.2726912: {"Message":{"PositionReport":{"Cog":116.8,"CommunicationState":84122,"Latitude":41.357795,"Longitude":2.1777,"MessageID":3,"NavigationalStatus":5,"PositionAccuracy":true,"Raim":false,"RateOfTurn":0,"R
1764651818.2797503: {"Message":{"PositionReport":{"Cog":256.1,"CommunicationState":34776,"Latitude":41.113635,"Longitude":1.923565,"MessageID":1,"NavigationalStatus":0,"PositionAccuracy":true,"Raim":false,"RateOfTurn":0,
1764651819.3594947: {"Message":{"StandardClassBPositionReport":{"AssignedMode":false,"ClassBBand":true,"ClassBDisplay":false,"ClassBDsc":true,"ClassBMsg22":false,"ClassBUnit":false,"Cog":224.7,"CommunicationState":35760,
1764651819.461964: {"Message":{"PositionReport":{"Cog":153,"CommunicationState":0,"Latitude":40.536728333333336,"Longitude":0.5929300000000001,"MessageID":3,"NavigationalStatus":7,"PositionAccuracy":false,"Raim":false,"
1764651819.5647206: {"Message":{"PositionReport":{"Cog":250.5,"CommunicationState":34817,"Latitude":36.00512666666667,"Longitude":-5.406465,"MessageID":1,"NavigationalStatus":0,"PositionAccuracy":false,"Raim":false,"Rate
1764651819.7728033: {"Message":{"PositionReport":{"Cog":73.2,"CommunicationState":34829,"Latitude":36.002251666666666,"Longitude":-5.317828333333334,"MessageID":1,"NavigationalStatus":0,"PositionAccuracy":true,"Raim":fal
1764651819.895038: {"Message":{"PositionReport":{"Cog":8.6,"CommunicationState":67602,"Latitude":38.824295,"Longitude":-9.548246666666667,"MessageID":1,"NavigationalStatus":15,"PositionAccuracy":true,"Raim":true,"RateOf
1764651820.1892686: {"Message":{"PositionReport":{"Cog":176,"CommunicationState":3728,"Latitude":36.119326666666666,"Longitude":-5.357708333333333,"MessageID":3,"NavigationalStatus":0,"PositionAccuracy":false,"Raim":fals
1764651820.2231467: {"Message":{"PositionReport":{"Cog":0,"CommunicationState":2301,"Latitude":43.353235000000005,"Longitude":-8.382624999999999,"MessageID":1,"NavigationalStatus":0,"PositionAccuracy":true,"Raim":true,"R
1764651820.2347496: {"Message":{"PositionReport":{"Cog":275.7,"CommunicationState":84698,"Latitude":41.37151666666667,"Longitude":2.185103333333333,"MessageID":3,"NavigationalStatus":5,"PositionAccuracy":true,"Raim":fals
1764651820.3358705: {"Message":{"PositionReport":{"Cog":281.3,"CommunicationState":49189,"Latitude":43.97452,"Longitude":-7.377275,"MessageID":1,"NavigationalStatus":0,"PositionAccuracy":true,"Raim":false,"RateOfTurn":-7
1764651820.3788445: {"Message":{"StandardClassBPositionReport":{"AssignedMode":false,"ClassBBand":true,"ClassBDisplay":false,"ClassBDsc":true,"ClassBMsg22":true,"ClassBUnit":true,"Cog":272,"CommunicationState":393222,"Co
1764651820.386117: {"Message":{"StandardClassBPositionReport":{"AssignedMode":false,"ClassBBand":true,"ClassBDisplay":false,"ClassBDsc":true,"ClassBMsg22":true,"ClassBUnit":false,"Cog":360,"CommunicationState":72282,"Co
1764651820.3893075: {"Message":{"PositionReport":{"Cog":265,"CommunicationState":0,"Latitude":39.63723166666667,"Longitude":-0.20566666666666666,"MessageID":3,"NavigationalStatus":5,"PositionAccuracy":true,"Raim":false,"
1764651820.6291418: {"Message":{"PositionReport":{"Cog":179.3,"CommunicationState":86026,"Latitude":36.13258,"Longitude":-5.431025,"MessageID":3,"NavigationalStatus":5,"PositionAccuracy":false,"Raim":false,"RateOfTurn":0
1764651820.876543: {"Message":{"PositionReport":{"Cog":0,"CommunicationState":18956,"Latitude":39.565331666666665,"Longitude":2.6413816666666667,"MessageID":1,"NavigationalStatus":15,"PositionAccuracy":true,"Raim":true,
1764651821.4432158: {"Message":{"PositionReport":{"Cog":297.6,"CommunicationState":0,"Latitude":39.40411666666667,"Longitude":-0.26743666666666666,"MessageID":3,"NavigationalStatus":1,"PositionAccuracy":true,"Raim":false
1764651821.4448907: {"Message":{"PositionReport":{"Cog":360,"CommunicationState":18956,"Latitude":39.971160000000005,"Longitude":0.020605,"MessageID":1,"NavigationalStatus":0,"PositionAccuracy":false,"Raim":false,"RateOf
1764651821.5115554: {"Message":{"PositionReport":{"Cog":115.1,"CommunicationState":82000,"Latitude":41.33828333333334,"Longitude":2.2772716666666666,"MessageID":1,"NavigationalStatus":7,"PositionAccuracy":true,"Raim":tru
1764651821.5800314: {"Message":{"StandardClassBPositionReport":{"AssignedMode":false,"ClassBBand":true,"ClassBDisplay":false,"ClassBDsc":true,"ClassBMsg22":true,"ClassBUnit":true,"Cog":55.1,"CommunicationState":393222,"C
1764651821.6410654: {"Message":{"PositionReport":{"Cog":355.4,"CommunicationState":81925,"Latitude":43.38573833333333,"Longitude":-1.7921966666666667,"MessageID":1,"NavigationalStatus":0,"PositionAccuracy":true,"Raim":tr
1764651821.767076: {"Message":{"PositionReport":{"Cog":217,"CommunicationState":18956,"Latitude":41.30462833333333,"Longitude":2.1446650000000003,"MessageID":1,"NavigationalStatus":0,"PositionAccuracy":false,"Raim":fals
1764651821.8779469: {"Message":{"PositionReport":{"Cog":360,"CommunicationState":67670,"Latitude":41.32771,"Longitude":2.1581483333333336,"MessageID":1,"NavigationalStatus":0,"PositionAccuracy":true,"Raim":true,"RateOfTu
1764651822.1704862: {"Message":{"StandardClassBPositionReport":{"AssignedMode":false,"ClassBBand":true,"ClassBDisplay":false,"ClassBDsc":true,"ClassBMsg22":true,"ClassBUnit":true,"Cog":323.5,"CommunicationState":393222,"
1764651822.2514794: {"Message":{"PositionReport":{"Cog":127.3,"CommunicationState":49176,"Latitude":43.45574166666667,"Longitude":-1.9872,"MessageID":1,"NavigationalStatus":0,"PositionAccuracy":true,"Raim":true,"RateOfTu
1764651822.309543: {"Message":{"PositionReport":{"Cog":342.9,"CommunicationState":67693,"Latitude":43.38218833333334,"Longitude":-1.9668666666666668,"MessageID":1,"NavigationalStatus":0,"PositionAccuracy":true,"Raim":fa
1764651822.3158498: {"Message":{"PositionReport":{"Cog":116.1,"CommunicationState":34839,"Latitude":39.961375,"Longitude":0.025311666666666666,"MessageID":1,"NavigationalStatus":15,"PositionAccuracy":true,"Raim":false,"R
1764651822.3842566: {"Message":{"PositionReport":{"Cog":317.3,"CommunicationState":67698,"Latitude":41.178055,"Longitude":-8.700883333333334,"MessageID":1,"NavigationalStatus":0,"PositionAccuracy":true,"Raim":false,"Rate
1764651822.3870327: {"Message":{"PositionReport":{"Cog":44,"CommunicationState":84730,"Latitude":43.33253333333334,"Longitude":-3.0290383333333333,"MessageID":3,"NavigationalStatus":5,"PositionAccuracy":true,"Raim":false
1764651822.4111743: {"Message":{"PositionReport":{"Cog":352.4,"CommunicationState":84938,"Latitude":41.18541833333334,"Longitude":-8.700458333333334,"MessageID":3,"NavigationalStatus":5,"PositionAccuracy":false,"Raim":fa
1764651822.6050172: {"Message":{"StandardClassBPositionReport":{"AssignedMode":false,"ClassBBand":true,"ClassBDisplay":false,"ClassBDsc":true,"ClassBMsg22":true,"ClassBUnit":false,"Cog":360,"CommunicationState":85434,"Co
1764651822.683635: {"Message":{"PositionReport":{"Cog":218,"CommunicationState":84122,"Latitude":39.55953,"Longitude":2.62894,"MessageID":3,"NavigationalStatus":5,"PositionAccuracy":false,"Raim":false,"RateOfTurn":-128,
1764651822.8445418: {"Message":{"StandardClassBPositionReport":{"AssignedMode":false,"ClassBBand":true,"ClassBDisplay":false,"ClassBDsc":true,"ClassBMsg22":true,"ClassBUnit":true,"Cog":203.6,"CommunicationState":393222,"
1764651822.8659346: {"Message":{"PositionReport":{"Cog":0,"CommunicationState":81969,"Latitude":41.183445,"Longitude":-8.699684999999999,"MessageID":1,"NavigationalStatus":15,"PositionAccuracy":true,"Raim":true,"RateOfTu
1764651822.99953: {"Message":{"PositionReport":{"Cog":58.1,"CommunicationState":34950,"Latitude":37.12707666666667,"Longitude":-6.838941666666667,"MessageID":1,"NavigationalStatus":3,"PositionAccuracy":false,"Raim":fal
1764651823.0032194: {"Message":{"PositionReport":{"Cog":16.3,"CommunicationState":515,"Latitude":41.09171333333334,"Longitude":-8.739801666666667,"MessageID":3,"NavigationalStatus":15,"PositionAccuracy":true,"Raim":true,
1764651823.0872726: {"Message":{"StandardClassBPositionReport":{"AssignedMode":false,"ClassBBand":true,"ClassBDisplay":false,"ClassBDsc":true,"ClassBMsg22":true,"ClassBUnit":false,"Cog":360,"CommunicationState":85690,"Co
1764651823.1342387: {"Message":{"PositionReport":{"Cog":203.1,"CommunicationState":2267,"Latitude":36.14669666666667,"Longitude":-5.23586,"MessageID":1,"NavigationalStatus":0,"PositionAccuracy":true,"Raim":true,"RateOfTu
1764651823.3807375: {"Message":{"PositionReport":{"Cog":360,"CommunicationState":34967,"Latitude":43.35219666666667,"Longitude":-8.382131666666668,"MessageID":1,"NavigationalStatus":7,"PositionAccuracy":true,"Raim":true,
1764651823.459105: {"Message":{"PositionReport":{"Cog":183.9,"CommunicationState":82017,"Latitude":41.37343666666666,"Longitude":2.1850283333333334,"MessageID":1,"NavigationalStatus":7,"PositionAccuracy":true,"Raim":tru
1764651823.9309537: {"Message":{"PositionReport":{"Cog":129.2,"CommunicationState":34983,"Latitude":36.177855,"Longitude":-4.9965399999999995,"MessageID":1,"NavigationalStatus":0,"PositionAccuracy":false,"Raim":false,"Ra
1764651823.992159: {"Message":{"PositionReport":{"Cog":218.6,"CommunicationState":67756,"Latitude":41.18566333333333,"Longitude":-8.704606666666667,"MessageID":1,"NavigationalStatus":0,"PositionAccuracy":true,"Raim":fal
1764651823.9951167: {"Message":{"PositionReport":{"Cog":74.5,"CommunicationState":84394,"Latitude":36.13632166666666,"Longitude":-5.409511666666666,"MessageID":3,"NavigationalStatus":1,"PositionAccuracy":false,"Raim":fal
1764651824.1289916: {"Message":{"StandardClassBPositionReport":{"AssignedMode":false,"ClassBBand":true,"ClassBDisplay":false,"ClassBDsc":true,"ClassBMsg22":true,"ClassBUnit":false,"Cog":360,"CommunicationState":84938,"Co
1764651824.2281103: {"Message":{"PositionReport":{"Cog":175,"CommunicationState":0,"Latitude":37.87448,"Longitude":-0.6281616666666667,"MessageID":3,"NavigationalStatus":7,"PositionAccuracy":false,"Raim":false,"RateOfTur
1764651824.3613486: {"Message":{"PositionReport":{"Cog":319,"CommunicationState":40,"Latitude":43.32168,"Longitude":-1.9139883333333332,"MessageID":1,"NavigationalStatus":0,"PositionAccuracy":true,"Raim":false,"RateOfTur
1764651824.4715633: {"Message":{"PositionReport":{"Cog":261.5,"CommunicationState":18956,"Latitude":36.02308333333334,"Longitude":-5.333523333333333,"MessageID":1,"NavigationalStatus":0,"PositionAccuracy":false,"Raim":fa
1764651824.4981163: {"Message":{"StandardClassBPositionReport":{"AssignedMode":false,"ClassBBand":true,"ClassBDisplay":false,"ClassBDsc":true,"ClassBMsg22":true,"ClassBUnit":false,"Cog":360,"CommunicationState":85818,"Co
1764651824.5701532: {"Message":{"PositionReport":{"Cog":311.2,"CommunicationState":50155,"Latitude":36.09493,"Longitude":-5.406175,"MessageID":1,"NavigationalStatus":0,"PositionAccuracy":true,"Raim":false,"RateOfTurn":0,
1764651824.8125007: {"Message":{"StandardClassBPositionReport":{"AssignedMode":false,"ClassBBand":false,"ClassBDisplay":false,"ClassBDsc":false,"ClassBMsg22":false,"ClassBUnit":false,"Cog":0,"CommunicationState":0,"Commu
1764651824.8953013: {"Message":{"PositionReport":{"Cog":351.8,"CommunicationState":49204,"Latitude":41.29591666666667,"Longitude":2.1796583333333337,"MessageID":1,"NavigationalStatus":0,"PositionAccuracy":true,"Raim":tru
1764651824.9518955: {"Message":{"PositionReport":{"Cog":360,"CommunicationState":2387,"Latitude":41.48911333333333,"Longitude":2.3648616666666666,"MessageID":3,"NavigationalStatus":15,"PositionAccuracy":true,"Raim":true,
1764651825.0671983: {"Message":{"StandardClassBPositionReport":{"AssignedMode":false,"ClassBBand":false,"ClassBDisplay":false,"ClassBDsc":false,"ClassBMsg22":false,"ClassBUnit":false,"Cog":160.9,"CommunicationState":0,"C
1764651825.1800885: {"Message":{"PositionReport":{"Cog":40,"CommunicationState":81941,"Latitude":43.42208333333333,"Longitude":-1.9680333333333333,"MessageID":1,"NavigationalStatus":15,"PositionAccuracy":false,"Raim":fal
1764651825.4486241: {"Message":{"PositionReport":{"Cog":360,"CommunicationState":2195,"Latitude":39.459205,"Longitude":-0.30612833333333334,"MessageID":1,"NavigationalStatus":0,"PositionAccuracy":true,"Raim":false,"RateO
1764651825.6446748: {"Message":{"PositionReport":{"Cog":187.1,"CommunicationState":0,"Latitude":36.12922666666667,"Longitude":-5.422418333333334,"MessageID":3,"NavigationalStatus":5,"PositionAccuracy":true,"Raim":true,"R
1764651825.9370272: {"Message":{"PositionReport":{"Cog":275.5,"CommunicationState":84714,"Latitude":41.21077833333333,"Longitude":1.7308466666666669,"MessageID":3,"NavigationalStatus":5,"PositionAccuracy":true,"Raim":fal
1764651825.9466443: {"Message":{"StandardClassBPositionReport":{"AssignedMode":false,"ClassBBand":true,"ClassBDisplay":false,"ClassBDsc":true,"ClassBMsg22":true,"ClassBUnit":true,"Cog":126.6,"CommunicationState":393222,"
1764651826.0798378: {"Message":{"PositionReport":{"Cog":267.7,"CommunicationState":4272,"Latitude":36.73520666666666,"Longitude":-8.4611,"MessageID":3,"NavigationalStatus":0,"PositionAccuracy":true,"Raim":true,"RateOfTur
1764651826.3278947: {"Message":{"PositionReport":{"Cog":59.6,"CommunicationState":84154,"Latitude":39.449196666666666,"Longitude":-0.3094733333333333,"MessageID":3,"NavigationalStatus":5,"PositionAccuracy":false,"Raim":f
1764651826.7159016: {"Message":{"PositionReport":{"Cog":5.5,"CommunicationState":85114,"Latitude":41.36465,"Longitude":2.1878666666666664,"MessageID":3,"NavigationalStatus":5,"PositionAccuracy":true,"Raim":false,"RateOfT
1764651827.2137146: {"Message":{"PositionReport":{"Cog":161.6,"CommunicationState":86026,"Latitude":41.211774999999996,"Longitude":1.731565,"MessageID":3,"NavigationalStatus":5,"PositionAccuracy":false,"Raim":false,"Rate
1764651827.4747124: {"Message":{"PositionReport":{"Cog":86.8,"CommunicationState":18960,"Latitude":41.134768333333334,"Longitude":2.432193333333333,"MessageID":1,"NavigationalStatus":0,"PositionAccuracy":false,"Raim":fal
1764651827.8270957: {"Message":{"StandardClassBPositionReport":{"AssignedMode":false,"ClassBBand":true,"ClassBDisplay":false,"ClassBDsc":true,"ClassBMsg22":true,"ClassBUnit":false,"Cog":360,"CommunicationState":86634,"Co
1764651828.0536418: {"Message":{"PositionReport":{"Cog":250.5,"CommunicationState":32890,"Latitude":39.55107833333333,"Longitude":2.62525,"MessageID":1,"NavigationalStatus":0,"PositionAccuracy":false,"Raim":false,"RateOf
1764651828.5974393: {"Message":{"StandardClassBPositionReport":{"AssignedMode":false,"ClassBBand":true,"ClassBDisplay":false,"ClassBDsc":true,"ClassBMsg22":true,"ClassBUnit":true,"Cog":360,"CommunicationState":393222,"Co
1764651828.7590866: {"Message":{"PositionReport":{"Cog":275.5,"CommunicationState":84714,"Latitude":41.43315,"Longitude":2.239715,"MessageID":3,"NavigationalStatus":5,"PositionAccuracy":false,"Raim":false,"RateOfTurn":-1
1764651828.9673128: {"Message":{"PositionReport":{"Cog":203.2,"CommunicationState":84890,"Latitude":43.32299,"Longitude":-1.9236233333333332,"MessageID":3,"NavigationalStatus":5,"PositionAccuracy":false,"Raim":false,"Rat
1764651829.1063988: {"Message":{"PositionReport":{"Cog":106.2,"CommunicationState":2291,"Latitude":36.870515,"Longitude":-8.294861666666668,"MessageID":1,"NavigationalStatus":0,"PositionAccuracy":true,"Raim":false,"RateO
1764651829.1074362: {"Message":{"PositionReport":{"Cog":73.1,"CommunicationState":18960,"Latitude":36.106935,"Longitude":-5.06104,"MessageID":1,"NavigationalStatus":0,"PositionAccuracy":true,"Raim":false,"RateOfTurn":0,"
1764651829.1143565: {"Message":{"PositionReport":{"Cog":117.7,"CommunicationState":2246,"Latitude":37.69835,"Longitude":-9.052291666666667,"MessageID":1,"NavigationalStatus":0,"PositionAccuracy":false,"Raim":false,"RateO
1764651830.9460232: {"Message":{"PositionReport":{"Cog":69.6,"CommunicationState":49197,"Latitude":41.161076666666666,"Longitude":-8.736273333333333,"MessageID":1,"NavigationalStatus":15,"PositionAccuracy":true,"Raim":tr
